Time resolution is 1 ps
Time: 0 -- Starting Testbench -- Initializing inputs
Time: 5000 -- CLK_EDGE: Reset Active, count = x
Time: 15000 -- CLK_EDGE: Reset Active, count = 0
Time: 20000 -- De-asserting reset -- Setting mode to increment
Time: 25000 -- CLK_EDGE: Mode UP, count = 0
Time: 35000 -- CLK_EDGE: Mode UP, count = 1
Time: 45000 -- CLK_EDGE: Mode UP, count = 2
Time: 55000 -- CLK_EDGE: Mode UP, count = 3
Time: 65000 -- CLK_EDGE: Mode UP, count = 4
Time: 75000 -- CLK_EDGE: Mode UP, count = 5
Time: 85000 -- CLK_EDGE: Mode UP, count = 6
Time: 95000 -- CLK_EDGE: Mode UP, count = 7
Time: 105000 -- CLK_EDGE: Mode UP, count = 8
Time: 115000 -- CLK_EDGE: Mode UP, count = 9
Time: 125000 -- CLK_EDGE: Mode UP, count = 10
Time: 135000 -- CLK_EDGE: Mode UP, count = 11
Time: 145000 -- CLK_EDGE: Mode UP, count = 12
Time: 155000 -- CLK_EDGE: Mode UP, count = 13
Time: 165000 -- CLK_EDGE: Mode UP, count = 14
Time: 175000 -- CLK_EDGE: Mode UP, count = 15
Time: 185000 -- CLK_EDGE: Mode UP, count = 16
Time: 195000 -- CLK_EDGE: Mode UP, count = 17
Time: 205000 -- CLK_EDGE: Mode UP, count = 18
Time: 215000 -- CLK_EDGE: Mode UP, count = 19
Time: 225000 -- CLK_EDGE: Mode UP, count = 20
Time: 235000 -- CLK_EDGE: Mode UP, count = 21
Time: 245000 -- CLK_EDGE: Mode UP, count = 22
Time: 255000 -- CLK_EDGE: Mode UP, count = 23
Time: 265000 -- CLK_EDGE: Mode UP, count = 24
Time: 275000 -- CLK_EDGE: Mode UP, count = 25
Time: 285000 -- CLK_EDGE: Mode UP, count = 26
Time: 295000 -- CLK_EDGE: Mode UP, count = 27
Time: 305000 -- CLK_EDGE: Mode UP, count = 28
Time: 315000 -- CLK_EDGE: Mode UP, count = 29
Time: 325000 -- CLK_EDGE: Mode UP, count = 30
Time: 335000 -- CLK_EDGE: Mode UP, count = 31
Time: 345000 -- CLK_EDGE: Mode UP, count = 32
Time: 355000 -- CLK_EDGE: Mode UP, count = 33
Time: 365000 -- CLK_EDGE: Mode UP, count = 34
Time: 375000 -- CLK_EDGE: Mode UP, count = 35
Time: 385000 -- CLK_EDGE: Mode UP, count = 36
Time: 395000 -- CLK_EDGE: Mode UP, count = 37
Time: 405000 -- CLK_EDGE: Mode UP, count = 38
Time: 415000 -- CLK_EDGE: Mode UP, count = 39
Time: 425000 -- CLK_EDGE: Mode UP, count = 40
Time: 435000 -- CLK_EDGE: Mode UP, count = 41
Time: 445000 -- CLK_EDGE: Mode UP, count = 42
Time: 455000 -- CLK_EDGE: Mode UP, count = 43
Time: 465000 -- CLK_EDGE: Mode UP, count = 44
Time: 475000 -- CLK_EDGE: Mode UP, count = 45
Time: 485000 -- CLK_EDGE: Mode UP, count = 46
Time: 495000 -- CLK_EDGE: Mode UP, count = 47
Time: 505000 -- CLK_EDGE: Mode UP, count = 48
Time: 515000 -- CLK_EDGE: Mode UP, count = 49
Time: 520000 -- Changing mode to decrement
Time: 525000 -- CLK_EDGE: Mode DOWN, count = 50
Time: 535000 -- CLK_EDGE: Mode DOWN, count = 49
Time: 545000 -- CLK_EDGE: Mode DOWN, count = 48
Time: 555000 -- CLK_EDGE: Mode DOWN, count = 47
Time: 565000 -- CLK_EDGE: Mode DOWN, count = 46
Time: 575000 -- CLK_EDGE: Mode DOWN, count = 45
Time: 585000 -- CLK_EDGE: Mode DOWN, count = 44
Time: 595000 -- CLK_EDGE: Mode DOWN, count = 43
Time: 605000 -- CLK_EDGE: Mode DOWN, count = 42
Time: 615000 -- CLK_EDGE: Mode DOWN, count = 41
Time: 625000 -- CLK_EDGE: Mode DOWN, count = 40
Time: 635000 -- CLK_EDGE: Mode DOWN, count = 39
Time: 645000 -- CLK_EDGE: Mode DOWN, count = 38
Time: 655000 -- CLK_EDGE: Mode DOWN, count = 37
Time: 665000 -- CLK_EDGE: Mode DOWN, count = 36
Time: 675000 -- CLK_EDGE: Mode DOWN, count = 35
Time: 685000 -- CLK_EDGE: Mode DOWN, count = 34
Time: 695000 -- CLK_EDGE: Mode DOWN, count = 33
Time: 705000 -- CLK_EDGE: Mode DOWN, count = 32
Time: 715000 -- CLK_EDGE: Mode DOWN, count = 31
Time: 720000 -- Re-asserting reset briefly
Time: 725000 -- CLK_EDGE: Reset Active, count = 30
Time: 735000 -- CLK_EDGE: Reset Active, count = 0
Time: 740000 -- Counting down
Time: 745000 -- CLK_EDGE: Mode UP, count = 0
Time: 755000 -- CLK_EDGE: Mode UP, count = 1
Time: 765000 -- CLK_EDGE: Mode UP, count = 2
Time: 775000 -- CLK_EDGE: Mode UP, count = 3
Time: 785000 -- CLK_EDGE: Mode UP, count = 4
Time: 795000 -- CLK_EDGE: Mode UP, count = 5
Time: 805000 -- CLK_EDGE: Mode UP, count = 6
Time: 815000 -- CLK_EDGE: Mode UP, count = 7
Time: 825000 -- CLK_EDGE: Mode UP, count = 8
Time: 835000 -- CLK_EDGE: Mode UP, count = 9
Time: 845000 -- CLK_EDGE: Mode UP, count = 10
Time: 855000 -- CLK_EDGE: Mode UP, count = 11
Time: 865000 -- CLK_EDGE: Mode UP, count = 12
Time: 875000 -- CLK_EDGE: Mode UP, count = 13
Time: 885000 -- CLK_EDGE: Mode UP, count = 14
Time: 895000 -- CLK_EDGE: Mode UP, count = 15
Time: 905000 -- CLK_EDGE: Mode UP, count = 16
Time: 915000 -- CLK_EDGE: Mode UP, count = 17
Time: 925000 -- CLK_EDGE: Mode UP, count = 18
Time: 935000 -- CLK_EDGE: Mode UP, count = 19
Time: 945000 -- CLK_EDGE: Mode UP, count = 20
Time: 955000 -- CLK_EDGE: Mode UP, count = 21
Time: 965000 -- CLK_EDGE: Mode UP, count = 22
Time: 975000 -- CLK_EDGE: Mode UP, count = 23
Time: 985000 -- CLK_EDGE: Mode UP, count = 24
Time: 995000 -- CLK_EDGE: Mode UP, count = 25
